time=2024-12-18T17:55:14.200+05:00 level=INFO msg="Server start" "listening on address:"=localhost:8080
time=2024-12-18T17:55:22.393+05:00 level=DEBUG msg="record deleted" id=53
time=2024-12-18T17:55:22.393+05:00 level=INFO msg="DELETE request success, record deleted" id=53
time=2024-12-18T17:55:29.814+05:00 level=DEBUG msg="record created" id=54
time=2024-12-18T17:55:29.814+05:00 level=INFO msg="POST request success, record created" id=54
time=2024-12-18T17:55:29.815+05:00 level=DEBUG msg="token created for user" token=LUDD6OZ2GR6RZ6CKMKHBVLOHAE
time=2024-12-18T17:55:29.816+05:00 level=DEBUG msg="activation link" ref="http://localhost:8080/users/activate?token=LUDD6OZ2GR6RZ6CKMKHBVLOHAE"
time=2024-12-18T17:55:29.816+05:00 level=DEBUG msg="message body" msg="\nHello, User5!\nYour activation link: http://localhost:8080/users/activate?token=LUDD6OZ2GR6RZ6CKMKHBVLOHAE\n"
time=2024-12-18T17:55:29.852+05:00 level=INFO msg="Successfully sent email to:" recipient="{ID:54 Email:ekvinto@yandex.ru Name:User5 NickName:Nick5 Activated:false}"
time=2024-12-18T17:55:29.852+05:00 level=INFO msg="activation letter sent" "user id"=54
time=2024-12-18T17:56:40.300+05:00 level=DEBUG msg="record activated" id=54
time=2024-12-18T17:56:40.301+05:00 level=INFO msg="Activation request success"
time=2024-12-18T17:58:49.252+05:00 level=INFO msg="Server start" "listening on address:"=localhost:8080
time=2024-12-18T17:58:56.110+05:00 level=DEBUG msg="record deleted" id=54
time=2024-12-18T17:58:56.110+05:00 level=INFO msg="DELETE request success, record deleted" id=54
time=2024-12-18T17:59:07.247+05:00 level=DEBUG msg="record created" id=55
time=2024-12-18T17:59:07.247+05:00 level=INFO msg="POST request success, record created" id=55
time=2024-12-18T17:59:07.248+05:00 level=DEBUG msg="token created for user" token=66ZGBXPRZSLPZ3ZSER4WISRO74
time=2024-12-18T17:59:07.248+05:00 level=DEBUG msg="activation link" ref="http://localhost:8080/users/activate?token=66ZGBXPRZSLPZ3ZSER4WISRO74"
time=2024-12-18T17:59:07.249+05:00 level=DEBUG msg="message body" msg="\nHello, User5!\nYour activation link: http://localhost:8080/users/activate?token=66ZGBXPRZSLPZ3ZSER4WISRO74\n"
time=2024-12-18T17:59:07.284+05:00 level=INFO msg="Successfully sent email to:" recipient="{ID:55 Email:ekvinto@yandex.ru Name:User5 NickName:Nick5 Activated:false}"
time=2024-12-18T17:59:07.284+05:00 level=INFO msg="activation letter sent" "user id"=55
time=2024-12-18T18:00:03.871+05:00 level=DEBUG msg="record activated" id=55
time=2024-12-18T18:00:03.872+05:00 level=INFO msg="Activation request success"
time=2024-12-18T18:36:16.884+05:00 level=INFO msg="Server start" "listening on address:"=localhost:8080
time=2024-12-18T18:38:04.274+05:00 level=INFO msg="Server start" "listening on address:"=localhost:8080
time=2024-12-18T18:38:08.623+05:00 level=INFO msg="Find request success, record found" id=55
time=2024-12-18T18:41:37.502+05:00 level=INFO msg="Server start" "listening on address:"=localhost:8080
time=2024-12-18T18:41:40.712+05:00 level=DEBUG msg="record deleted" id=55
time=2024-12-18T18:41:40.712+05:00 level=INFO msg="DELETE request success, record deleted" id=55
time=2024-12-18T18:41:53.871+05:00 level=DEBUG msg="record created" id=56
time=2024-12-18T18:41:53.871+05:00 level=INFO msg="POST request success, record created" id=56
time=2024-12-18T18:41:53.872+05:00 level=DEBUG msg="token created for user" token=AVJUCHDAXXJT2SRP5ETGNCEB3I
time=2024-12-18T18:41:53.873+05:00 level=DEBUG msg="activation link" ref="http://localhost:8080/users/activate?token=AVJUCHDAXXJT2SRP5ETGNCEB3I"
time=2024-12-18T18:41:53.873+05:00 level=DEBUG msg="message body" msg="\nHello, User5!\nYour activation link: http://localhost:8080/users/activate?token=AVJUCHDAXXJT2SRP5ETGNCEB3I\n"
time=2024-12-18T18:41:53.908+05:00 level=INFO msg="Successfully sent email to:" recipient="{ID:56 Email:ekvinto@yandex.ru Name:User5 NickName:Nick5 Activated:false}"
time=2024-12-18T18:41:53.908+05:00 level=INFO msg="activation letter sent" "user id"=56
time=2024-12-18T18:45:36.649+05:00 level=INFO msg="Server start" "listening on address:"=localhost:8080
time=2024-12-18T18:46:42.333+05:00 level=INFO msg="Find request success, record found" id=56
time=2024-12-18T18:49:31.341+05:00 level=INFO msg="Server start" "listening on address:"=localhost:8080
time=2024-12-18T18:49:41.033+05:00 level=DEBUG msg="record deleted" id=56
time=2024-12-18T18:49:41.033+05:00 level=INFO msg="DELETE request success, record deleted" id=56
time=2024-12-18T18:49:48.622+05:00 level=DEBUG msg="record created" id=57
time=2024-12-18T18:49:48.622+05:00 level=INFO msg="POST request success, record created" id=57
time=2024-12-18T18:49:48.623+05:00 level=DEBUG msg="token created for user" token=N23VNY4L4D3QYUVOBWKLQUT57Q
time=2024-12-18T18:49:48.623+05:00 level=DEBUG msg="activation link" ref="http://localhost:8080/activate?token=N23VNY4L4D3QYUVOBWKLQUT57Q"
time=2024-12-18T18:49:48.624+05:00 level=DEBUG msg="message body" msg="\nHello, User5!\nYour activation link: http://localhost:8080/activate?token=N23VNY4L4D3QYUVOBWKLQUT57Q\n"
time=2024-12-18T18:49:48.659+05:00 level=INFO msg="Successfully sent email to:" recipient=ekvinto@yandex.ru
time=2024-12-18T18:49:48.659+05:00 level=INFO msg="activation letter sent" "user id"=57
time=2024-12-18T18:50:39.150+05:00 level=DEBUG msg="record activated" id=57
time=2024-12-18T18:50:39.151+05:00 level=INFO msg="Activation request success"
time=2024-12-18T18:50:50.949+05:00 level=INFO msg="Find request success, record found" id=57
time=2024-12-18T18:51:14.900+05:00 level=DEBUG msg="record deleted" id=57
time=2024-12-18T18:51:14.900+05:00 level=INFO msg="DELETE request success, record deleted" id=57
time=2024-12-18T18:51:22.872+05:00 level=DEBUG msg="record created" id=58
time=2024-12-18T18:51:22.872+05:00 level=INFO msg="POST request success, record created" id=58
time=2024-12-18T18:51:22.873+05:00 level=DEBUG msg="token created for user" token=33BPGSXKZMPJZFLI5RKAFPNOQU
time=2024-12-18T18:51:22.873+05:00 level=DEBUG msg="activation link" ref="http://localhost:8080/activate?token=33BPGSXKZMPJZFLI5RKAFPNOQU"
time=2024-12-18T18:51:22.873+05:00 level=DEBUG msg="message body" msg="\nHello, User5!\nYour activation link: http://localhost:8080/activate?token=33BPGSXKZMPJZFLI5RKAFPNOQU\n"
time=2024-12-18T18:51:22.878+05:00 level=INFO msg="Successfully sent email to:" recipient=ekvinto@yandex.ru
time=2024-12-18T18:51:22.878+05:00 level=INFO msg="activation letter sent" "user id"=58
time=2024-12-18T18:51:29.292+05:00 level=INFO msg="Find request success, record found" id=58
time=2024-12-18T18:51:54.616+05:00 level=DEBUG msg="record activated" id=58
time=2024-12-18T18:51:54.617+05:00 level=INFO msg="Activation request success"
time=2024-12-18T18:52:03.815+05:00 level=INFO msg="Find request success, record found" id=58
